Determining if the pthread_create exist failed with the following output:
Change Dir: /root/adina/build/release/CMakeFiles/CMakeTmp

Run Build Command:"/usr/bin/make" "cmTC_c116b/fast"
make[1]: Entering directory '/root/adina/build/release/CMakeFiles/CMakeTmp'
/usr/bin/make -f CMakeFiles/cmTC_c116b.dir/build.make CMakeFiles/cmTC_c116b.dir/build
make[2]: Entering directory '/root/adina/build/release/CMakeFiles/CMakeTmp'
Building C object CMakeFiles/cmTC_c116b.dir/CheckSymbolExists.c.o
/usr/bin/cc    -o CMakeFiles/cmTC_c116b.dir/CheckSymbolExists.c.o   -c /root/adina/build/release/CMakeFiles/CMakeTmp/CheckSymbolExists.c
Linking C executable cmTC_c116b
/usr/local/bin/cmake -E cmake_link_script CMakeFiles/cmTC_c116b.dir/link.txt --verbose=1
/usr/bin/cc      CMakeFiles/cmTC_c116b.dir/CheckSymbolExists.c.o  -o cmTC_c116b 
CMakeFiles/cmTC_c116b.dir/CheckSymbolExists.c.o: In function `main':
CheckSymbolExists.c:(.text+0x16): undefined reference to `pthread_create'
collect2: error: ld returned 1 exit status
CMakeFiles/cmTC_c116b.dir/build.make:86: recipe for target 'cmTC_c116b' failed
make[2]: *** [cmTC_c116b] Error 1
make[2]: Leaving directory '/root/adina/build/release/CMakeFiles/CMakeTmp'
Makefile:126: recipe for target 'cmTC_c116b/fast' failed
make[1]: *** [cmTC_c116b/fast] Error 2
make[1]: Leaving directory '/root/adina/build/release/CMakeFiles/CMakeTmp'

File /root/adina/build/release/CMakeFiles/CMakeTmp/CheckSymbolExists.c:
/* */
#include <pthread.h>

int main(int argc, char** argv)
{
  (void)argv;
#ifndef pthread_create
  return ((int*)(&pthread_create))[argc];
#else
  (void)argc;
  return 0;
#endif
}

